[debug] [2023-12-16T06:44:15.756Z] ----------------------------------------------------------------------
[debug] [2023-12-16T06:44:15.759Z] Command:       C:\Program Files\nodejs\node.exe C:\Users\dell\AppData\Roaming\npm\node_modules\firebase-tools\lib\bin\firebase.js init
[debug] [2023-12-16T06:44:15.759Z] CLI Version:   12.9.1
[debug] [2023-12-16T06:44:15.760Z] Platform:      win32
[debug] [2023-12-16T06:44:15.760Z] Node Version:  v18.16.1
[debug] [2023-12-16T06:44:15.761Z] Time:          Sat Dec 16 2023 12:14:15 GMT+0530 (India Standard Time)
[debug] [2023-12-16T06:44:15.761Z] ----------------------------------------------------------------------
[debug] 
[debug] [2023-12-16T06:44:15.848Z] > command requires scopes: ["email","openid","https://www.googleapis.com/auth/cloudplatformprojects.readonly","https://www.googleapis.com/auth/firebase","https://www.googleapis.com/auth/cloud-platform"]
[debug] [2023-12-16T06:44:15.849Z] > authorizing via signed-in user (maliktarun2005@gmail.com)
[info] 
     ######## #### ########  ######## ########     ###     ######  ########
     ##        ##  ##     ## ##       ##     ##  ##   ##  ##       ##
     ######    ##  ########  ######   ########  #########  ######  ######
     ##        ##  ##    ##  ##       ##     ## ##     ##       ## ##
     ##       #### ##     ## ######## ########  ##     ##  ######  ########

You're about to initialize a Firebase project in this directory:

  C:\Users\dell\Desktop\vipestudio

Before we get started, keep in mind:

  * You are initializing within an existing Firebase project directory

[info] 
=== Project Setup
[info] 
[info] First, let's associate this project directory with a Firebase project.
[info] You can create multiple project aliases by running firebase use --add, 
[info] but for now we'll just set up a default project.
[info] 
[debug] [2023-12-16T06:44:34.186Z] Using project from CLI flag: vipe-studio-01
[debug] [2023-12-16T06:44:34.188Z] > refreshing access token with scopes: []
[debug] [2023-12-16T06:44:34.190Z] >>> [apiv2][query] POST https://www.googleapis.com/oauth2/v3/token [none]
[debug] [2023-12-16T06:44:34.191Z] >>> [apiv2][body] POST https://www.googleapis.com/oauth2/v3/token [omitted]
[debug] [2023-12-16T06:44:50.691Z] <<< [apiv2][status] POST https://www.googleapis.com/oauth2/v3/token 200
[debug] [2023-12-16T06:44:50.691Z] <<< [apiv2][body] POST https://www.googleapis.com/oauth2/v3/token [omitted]
[debug] [2023-12-16T06:44:50.717Z] >>> [apiv2][query] GET https://firebase.googleapis.com/v1beta1/projects/vipe-studio-01 [none]
[debug] [2023-12-16T06:45:16.139Z] *** [apiv2] error from fetch(https://firebase.googleapis.com/v1beta1/projects/vipe-studio-01, {"headers":{},"method":"GET","signal":{}}): FetchError: request to https://firebase.googleapis.com/v1beta1/projects/vipe-studio-01 failed, reason: read ECONNRESET
[debug] [2023-12-16T06:45:16.142Z] Failed to make request to https://firebase.googleapis.com/v1beta1/projects/vipe-studio-01 (original: request to https://firebase.googleapis.com/v1beta1/projects/vipe-studio-01 failed, reason: read ECONNRESET)
[debug] [2023-12-16T06:45:21.166Z] Error: Timed out.
    at Timeout._onTimeout (C:\Users\dell\AppData\Roaming\npm\node_modules\firebase-tools\lib\utils.js:254:49)
    at listOnTimeout (node:internal/timers:569:17)
    at process.processTimers (node:internal/timers:512:7)
[error] 
[error] Error: An unexpected error has occurred.
[debug] [2023-12-16T06:47:28.975Z] ----------------------------------------------------------------------
[debug] [2023-12-16T06:47:28.979Z] Command:       C:\Program Files\nodejs\node.exe C:\Users\dell\AppData\Roaming\npm\node_modules\firebase-tools\lib\bin\firebase.js init
[debug] [2023-12-16T06:47:28.979Z] CLI Version:   12.9.1
[debug] [2023-12-16T06:47:28.980Z] Platform:      win32
[debug] [2023-12-16T06:47:28.980Z] Node Version:  v18.16.1
[debug] [2023-12-16T06:47:28.981Z] Time:          Sat Dec 16 2023 12:17:28 GMT+0530 (India Standard Time)
[debug] [2023-12-16T06:47:28.981Z] ----------------------------------------------------------------------
[debug] 
[debug] [2023-12-16T06:47:29.082Z] > command requires scopes: ["email","openid","https://www.googleapis.com/auth/cloudplatformprojects.readonly","https://www.googleapis.com/auth/firebase","https://www.googleapis.com/auth/cloud-platform"]
[debug] [2023-12-16T06:47:29.083Z] > authorizing via signed-in user (maliktarun2005@gmail.com)
[info] 
     ######## #### ########  ######## ########     ###     ######  ########
     ##        ##  ##     ## ##       ##     ##  ##   ##  ##       ##
     ######    ##  ########  ######   ########  #########  ######  ######
     ##        ##  ##    ##  ##       ##     ## ##     ##       ## ##
     ##       #### ##     ## ######## ########  ##     ##  ######  ########

You're about to initialize a Firebase project in this directory:

  C:\Users\dell\Desktop\vipestudio

Before we get started, keep in mind:

  * You are initializing within an existing Firebase project directory

[info] 
=== Project Setup
[info] 
[info] First, let's associate this project directory with a Firebase project.
[info] You can create multiple project aliases by running firebase use --add, 
[info] but for now we'll just set up a default project.
[info] 
[debug] [2023-12-16T06:47:42.149Z] Using project from CLI flag: vipe-studio-01
[debug] [2023-12-16T06:47:42.152Z] >>> [apiv2][query] GET https://firebase.googleapis.com/v1beta1/projects/vipe-studio-01 [none]
[debug] [2023-12-16T06:47:56.666Z] <<< [apiv2][status] GET https://firebase.googleapis.com/v1beta1/projects/vipe-studio-01 200
[debug] [2023-12-16T06:47:56.668Z] <<< [apiv2][body] GET https://firebase.googleapis.com/v1beta1/projects/vipe-studio-01 {"projectId":"vipe-studio-01","projectNumber":"996947991892","displayName":"vipe-studio-01","name":"projects/vipe-studio-01","resources":{"hostingSite":"vipe-studio-01"},"state":"ACTIVE","etag":"1_85eaccd4-6869-4268-93d2-28a758a62c65"}
[info] i  Using project vipe-studio-01 (vipe-studio-01) 
[info] 
=== Hosting Setup
[debug] [2023-12-16T06:47:56.693Z] >>> [apiv2][query] GET https://firebase.googleapis.com/v1beta1/projects/vipe-studio-01 [none]
[debug] [2023-12-16T06:48:02.133Z] <<< [apiv2][status] GET https://firebase.googleapis.com/v1beta1/projects/vipe-studio-01 200
[debug] [2023-12-16T06:48:02.135Z] <<< [apiv2][body] GET https://firebase.googleapis.com/v1beta1/projects/vipe-studio-01 {"projectId":"vipe-studio-01","projectNumber":"996947991892","displayName":"vipe-studio-01","name":"projects/vipe-studio-01","resources":{"hostingSite":"vipe-studio-01"},"state":"ACTIVE","etag":"1_85eaccd4-6869-4268-93d2-28a758a62c65"}
[info] 
[info] Your public directory is the folder (relative to your project directory) that
[info] will contain Hosting assets to be uploaded with firebase deploy. If you
[info] have a build process for your assets, use your build's output directory.
[info] 
[info] +  Wrote build/404.html 
[debug] [2023-12-16T06:48:17.185Z] >>> [apiv2][query] GET https://www.gstatic.com/firebasejs/releases.json [none]
[debug] [2023-12-16T06:48:29.800Z] <<< [apiv2][status] GET https://www.gstatic.com/firebasejs/releases.json 200
[debug] [2023-12-16T06:48:29.801Z] <<< [apiv2][body] GET https://www.gstatic.com/firebasejs/releases.json {"current":{"version":"10.7.1","browserURL":"https://www.gstatic.com/firebasejs/10.7.1/firebase.js","packageURL":"https://www.gstatic.com/firebasejs/10.7.1/firebase.tgz"},"live":{"version":"10.7","browserURL":"https://www.gstatic.com/firebasejs/live/10.7/firebase.js","packageURL":"https://www.gstatic.com/firebasejs/live/10.7/firebase.tgz"},"components":{"analytics":"https://www.gstatic.com/firebasejs/10.7.1/firebase-analytics.js","app":"https://www.gstatic.com/firebasejs/10.7.1/firebase-app.js","app-check":"https://www.gstatic.com/firebasejs/10.7.1/firebase-app-check.js","auth":"https://www.gstatic.com/firebasejs/10.7.1/firebase-auth.js","auth/cordova":"https://www.gstatic.com/firebasejs/10.7.1/firebase-auth/cordova.js","functions":"https://www.gstatic.com/firebasejs/10.7.1/firebase-functions.js","firestore":"https://www.gstatic.com/firebasejs/10.7.1/firebase-firestore.js","firestore/lite":"https://www.gstatic.com/firebasejs/10.7.1/firebase-firestore/lite.js","installations":"https://www.gstatic.com/firebasejs/10.7.1/firebase-installations.js","storage":"https://www.gstatic.com/firebasejs/10.7.1/firebase-storage.js","performance":"https://www.gstatic.com/firebasejs/10.7.1/firebase-performance.js","remote-config":"https://www.gstatic.com/firebasejs/10.7.1/firebase-remote-config.js","messaging":"https://www.gstatic.com/firebasejs/10.7.1/firebase-messaging.js","messaging/sw":"https://www.gstatic.com/firebasejs/10.7.1/firebase-messaging/sw.js","database":"https://www.gstatic.com/firebasejs/10.7.1/firebase-database.js","firestore.memory":"https://www.gstatic.com/firebasejs/10.7.1/firebase-firestore.memory.js"}}
[info] i  Skipping write of build/index.html 
[info] 
[info] i  Writing configuration info to firebase.json... 
[info] i  Writing project information to .firebaserc... 
[info] 
[info] +  Firebase initialization complete! 
[debug] [2023-12-16T06:48:41.771Z] Error: Timed out.
    at Timeout._onTimeout (C:\Users\dell\AppData\Roaming\npm\node_modules\firebase-tools\lib\utils.js:254:49)
    at listOnTimeout (node:internal/timers:569:17)
    at process.processTimers (node:internal/timers:512:7)
[error] 
[error] Error: An unexpected error has occurred.
